Z:\C++\HARJ1\HARJ1\DEBUG\B.OBJ
Z:\C++\HARJ1\HARJ1\DEBUG\VC110.PDB
Z:\C++\HARJ1\HARJ1\DEBUG\A.OBJ
Z:\C++\HARJ1\HARJ1\DEBUG\AB.OBJ
Z:\C++\HARJ1\DEBUG\HARJ1.PDB
Z:\C++\Harj1\Harj1\Debug\a.obj
Z:\C++\Harj1\Harj1\Debug\b.obj
Z:\C++\Harj1\Harj1\Debug\ab.obj
Z:\C++\Harj1\Harj1\Debug\CL.read.1.tlog
Z:\C++\Harj1\Harj1\Debug\CL.write.1.tlog
Z:\C++\Harj1\Harj1\Debug\cl.command.1.tlog
Z:\C++\Harj1\Harj1\Debug\link-rc.read.1.tlog
Z:\C++\Harj1\Harj1\Debug\link-rc.write.1.tlog
Z:\C++\Harj1\Harj1\Debug\link-cvtres.read.1.tlog
Z:\C++\Harj1\Harj1\Debug\link-cvtres.write.1.tlog
Z:\C++\Harj1\Harj1\Debug\link.read.1.tlog
Z:\C++\Harj1\Harj1\Debug\link.write.1.tlog
Z:\C++\Harj1\Harj1\Debug\link.command.1.tlog
Z:\C++\Harj1\Harj1\Debug\link.2636-rc.read.1.tlog
Z:\C++\Harj1\Harj1\Debug\link.816.read.1.tlog
Z:\C++\Harj1\Harj1\Debug\link.2636-rc.write.1.tlog
Z:\C++\Harj1\Harj1\Debug\link.2636-cvtres.read.1.tlog
Z:\C++\Harj1\Harj1\Debug\link.2636-cvtres.write.1.tlog
Z:\C++\Harj1\Harj1\Debug\link.2636.read.1.tlog
Z:\C++\Harj1\Harj1\Debug\link.2636.write.1.tlog
Z:\C++\Harj1\Harj1\Debug\link.816-rc.read.1.tlog
Z:\C++\Harj1\Harj1\Debug\link.816-rc.write.1.tlog
Z:\C++\Harj1\Harj1\Debug\link.816-cvtres.read.1.tlog
Z:\C++\Harj1\Harj1\Debug\link.816-cvtres.write.1.tlog
Z:\C++\Harj1\Harj1\Debug\link.816.write.1.tlog
Z:\C++\Harj1\Harj1\Debug\link.2820-rc.read.1.tlog
Z:\C++\Harj1\Harj1\Debug\link.2820-rc.write.1.tlog
Z:\C++\Harj1\Harj1\Debug\link.2820-cvtres.read.1.tlog
Z:\C++\Harj1\Harj1\Debug\link.2820-cvtres.write.1.tlog
Z:\C++\Harj1\Harj1\Debug\link.2820.read.1.tlog
Z:\C++\Harj1\Harj1\Debug\link.2820.write.1.tlog
Z:\C++\Harj1\Harj1\Debug\vc110.idb
Z:\C++\Harj1\Harj1\Debug\vc110.pdb
Z:\C++\Harj1\Debug\Harj1.pdb
Z:\C++\Harj1\Debug\Harj1.exe
Z:\C++\Harj1\Debug\Harj1.ilk
